c:\prj\visiator_windows\v26\release\vc141.pdb
c:\prj\visiator_windows\v26\release\tools.obj
c:\prj\visiator_windows\v26\release\textura.obj
c:\prj\visiator_windows\v26\release\service.obj
c:\prj\visiator_windows\v26\release\screen.obj
c:\prj\visiator_windows\v26\release\pipes_server_pool.obj
c:\prj\visiator_windows\v26\release\net_server_session_pool.obj
c:\prj\visiator_windows\v26\release\net_server_session.obj
c:\prj\visiator_windows\v26\release\net_client_session.obj
c:\prj\visiator_windows\v26\release\main.obj
c:\prj\visiator_windows\v26\release\kernel.obj
c:\prj\visiator_windows\v26\release\highlevel_command_queue.obj
c:\prj\visiator_windows\v26\release\gui_low_level.obj
c:\prj\visiator_windows\v26\release\gui_element.obj
c:\prj\visiator_windows\v26\release\gui.obj
c:\prj\visiator_windows\v26\release\font.obj
c:\prj\visiator_windows\v26\release\event_queue.obj
c:\prj\visiator_windows\v26\release\desktop.obj
c:\prj\visiator_windows\v26\release\crypto.obj
c:\prj\visiator_windows\v26\release\application_attributes.obj
c:\prj\visiator_windows\v26\release\agent.obj
c:\prj\visiator_windows\v26\release\viewer_small_top_panel.obj
c:\prj\visiator_windows\v26\release\viewer.obj
c:\prj\visiator_windows\v26\release\transfer_dialog2_dirsfiles_tree_element.obj
c:\prj\visiator_windows\v26\release\total_control.obj
c:\prj\visiator_windows\v26\release\v26.res
c:\prj\visiator_windows\v26\release\v26.tlog\cl.command.1.tlog
c:\prj\visiator_windows\v26\release\v26.tlog\cl.read.1.tlog
c:\prj\visiator_windows\v26\release\v26.tlog\cl.write.1.tlog
c:\prj\visiator_windows\v26\release\v26.tlog\link.command.1.tlog
c:\prj\visiator_windows\v26\release\v26.tlog\link.read.1.tlog
c:\prj\visiator_windows\v26\release\v26.tlog\link.write.1.tlog
c:\prj\visiator_windows\v26\release\v26.tlog\rc.command.1.tlog
c:\prj\visiator_windows\v26\release\v26.tlog\rc.read.1.tlog
c:\prj\visiator_windows\v26\release\v26.tlog\rc.write.1.tlog
