c:\prj\visiator_windows\v26\zlib\contrib\vstudio\vc14\x86\zlibdllrelease\vc141.pdb
c:\prj\visiator_windows\v26\zlib\contrib\vstudio\vc14\x86\zlibdllrelease\tmp\zutil.obj
c:\prj\visiator_windows\v26\zlib\contrib\vstudio\vc14\x86\zlibdllrelease\tmp\uncompr.obj
c:\prj\visiator_windows\v26\zlib\contrib\vstudio\vc14\x86\zlibdllrelease\tmp\trees.obj
c:\prj\visiator_windows\v26\zlib\contrib\vstudio\vc14\x86\zlibdllrelease\tmp\iowin32.obj
c:\prj\visiator_windows\v26\zlib\contrib\vstudio\vc14\x86\zlibdllrelease\tmp\ioapi.obj
c:\prj\visiator_windows\v26\zlib\contrib\vstudio\vc14\x86\zlibdllrelease\tmp\inftrees.obj
c:\prj\visiator_windows\v26\zlib\contrib\vstudio\vc14\x86\zlibdllrelease\tmp\inflate.obj
c:\prj\visiator_windows\v26\zlib\contrib\vstudio\vc14\x86\zlibdllrelease\tmp\inffast.obj
c:\prj\visiator_windows\v26\zlib\contrib\vstudio\vc14\x86\zlibdllrelease\tmp\infback.obj
c:\prj\visiator_windows\v26\zlib\contrib\vstudio\vc14\x86\zlibdllrelease\tmp\gzwrite.obj
c:\prj\visiator_windows\v26\zlib\contrib\vstudio\vc14\x86\zlibdllrelease\tmp\gzread.obj
c:\prj\visiator_windows\v26\zlib\contrib\vstudio\vc14\x86\zlibdllrelease\tmp\gzlib.obj
c:\prj\visiator_windows\v26\zlib\contrib\vstudio\vc14\x86\zlibdllrelease\tmp\gzclose.obj
c:\prj\visiator_windows\v26\zlib\contrib\vstudio\vc14\x86\zlibdllrelease\tmp\deflate.obj
c:\prj\visiator_windows\v26\zlib\contrib\vstudio\vc14\x86\zlibdllrelease\tmp\crc32.obj
c:\prj\visiator_windows\v26\zlib\contrib\vstudio\vc14\x86\zlibdllrelease\tmp\compress.obj
c:\prj\visiator_windows\v26\zlib\contrib\vstudio\vc14\x86\zlibdllrelease\tmp\adler32.obj
c:\prj\visiator_windows\v26\zlib\contrib\vstudio\vc14\x86\zlibdllrelease\tmp\zip.obj
c:\prj\visiator_windows\v26\zlib\contrib\vstudio\vc14\x86\zlibdllrelease\tmp\unzip.obj
c:\prj\visiator_windows\v26\zlib\contrib\vstudio\vc14\x86\zlibdllrelease\zlibwapi.dll
c:\prj\visiator_windows\v26\zlib\contrib\vstudio\vc14\x86\zlibdllrelease\tmp\adler32.cod
c:\prj\visiator_windows\v26\zlib\contrib\vstudio\vc14\x86\zlibdllrelease\tmp\compress.cod
c:\prj\visiator_windows\v26\zlib\contrib\vstudio\vc14\x86\zlibdllrelease\tmp\crc32.cod
c:\prj\visiator_windows\v26\zlib\contrib\vstudio\vc14\x86\zlibdllrelease\tmp\deflate.cod
c:\prj\visiator_windows\v26\zlib\contrib\vstudio\vc14\x86\zlibdllrelease\tmp\gzclose.cod
c:\prj\visiator_windows\v26\zlib\contrib\vstudio\vc14\x86\zlibdllrelease\tmp\gzlib.cod
c:\prj\visiator_windows\v26\zlib\contrib\vstudio\vc14\x86\zlibdllrelease\tmp\gzread.cod
c:\prj\visiator_windows\v26\zlib\contrib\vstudio\vc14\x86\zlibdllrelease\tmp\gzwrite.cod
c:\prj\visiator_windows\v26\zlib\contrib\vstudio\vc14\x86\zlibdllrelease\tmp\infback.cod
c:\prj\visiator_windows\v26\zlib\contrib\vstudio\vc14\x86\zlibdllrelease\tmp\inffast.cod
c:\prj\visiator_windows\v26\zlib\contrib\vstudio\vc14\x86\zlibdllrelease\tmp\inflate.cod
c:\prj\visiator_windows\v26\zlib\contrib\vstudio\vc14\x86\zlibdllrelease\tmp\inftrees.cod
c:\prj\visiator_windows\v26\zlib\contrib\vstudio\vc14\x86\zlibdllrelease\tmp\ioapi.cod
c:\prj\visiator_windows\v26\zlib\contrib\vstudio\vc14\x86\zlibdllrelease\tmp\iowin32.cod
c:\prj\visiator_windows\v26\zlib\contrib\vstudio\vc14\x86\zlibdllrelease\tmp\trees.cod
c:\prj\visiator_windows\v26\zlib\contrib\vstudio\vc14\x86\zlibdllrelease\tmp\uncompr.cod
c:\prj\visiator_windows\v26\zlib\contrib\vstudio\vc14\x86\zlibdllrelease\tmp\unzip.cod
c:\prj\visiator_windows\v26\zlib\contrib\vstudio\vc14\x86\zlibdllrelease\tmp\zip.cod
c:\prj\visiator_windows\v26\zlib\contrib\vstudio\vc14\x86\zlibdllrelease\tmp\zutil.cod
c:\prj\visiator_windows\v26\zlib\contrib\vstudio\vc14\x86\zlibdllrelease\zlibwapi.map
c:\prj\visiator_windows\v26\zlib\contrib\vstudio\vc14\x86\zlibdllrelease\zlibwapi.pdb
c:\prj\visiator_windows\v26\zlib\contrib\vstudio\vc14\x86\zlibdllrelease\tmp\zlib.res
c:\prj\visiator_windows\v26\zlib\contrib\vstudio\vc14\x86\zlibdllrelease\zlibwapi.lib
c:\prj\visiator_windows\v26\zlib\contrib\vstudio\vc14\x86\zlibdllrelease\zlibwapi.exp
c:\prj\visiator_windows\v26\zlib\contrib\vstudio\vc14\x86\zlibdllrelease\zlibwapi.ipdb
c:\prj\visiator_windows\v26\zlib\contrib\vstudio\vc14\x86\zlibdllrelease\zlibwapi.iobj
c:\prj\visiator_windows\v26\zlib\contrib\vstudio\vc14\x86\zlibdllrelease\tmp\zlibvc.tlog\cl.command.1.tlog
c:\prj\visiator_windows\v26\zlib\contrib\vstudio\vc14\x86\zlibdllrelease\tmp\zlibvc.tlog\cl.read.1.tlog
c:\prj\visiator_windows\v26\zlib\contrib\vstudio\vc14\x86\zlibdllrelease\tmp\zlibvc.tlog\cl.write.1.tlog
c:\prj\visiator_windows\v26\zlib\contrib\vstudio\vc14\x86\zlibdllrelease\tmp\zlibvc.tlog\link.command.1.tlog
c:\prj\visiator_windows\v26\zlib\contrib\vstudio\vc14\x86\zlibdllrelease\tmp\zlibvc.tlog\link.read.1.tlog
c:\prj\visiator_windows\v26\zlib\contrib\vstudio\vc14\x86\zlibdllrelease\tmp\zlibvc.tlog\link.write.1.tlog
c:\prj\visiator_windows\v26\zlib\contrib\vstudio\vc14\x86\zlibdllrelease\tmp\zlibvc.tlog\rc.command.1.tlog
c:\prj\visiator_windows\v26\zlib\contrib\vstudio\vc14\x86\zlibdllrelease\tmp\zlibvc.tlog\rc.read.1.tlog
c:\prj\visiator_windows\v26\zlib\contrib\vstudio\vc14\x86\zlibdllrelease\tmp\zlibvc.tlog\rc.write.1.tlog
c:\prj\visiator_windows\v26\zlib\contrib\vstudio\vc14\x86\zlibdllrelease\tmp\zlibvc.tlog\zlibvc.write.1u.tlog
