c:\prj\visiator_windows\v26\zlib\contrib\vstudio\vc14\x86\zlibstatrelease\zlibstat.pdb
c:\prj\visiator_windows\v26\zlib\contrib\vstudio\vc14\x86\zlibstatrelease\tmp\zutil.obj
c:\prj\visiator_windows\v26\zlib\contrib\vstudio\vc14\x86\zlibstatrelease\tmp\zip.obj
c:\prj\visiator_windows\v26\zlib\contrib\vstudio\vc14\x86\zlibstatrelease\tmp\unzip.obj
c:\prj\visiator_windows\v26\zlib\contrib\vstudio\vc14\x86\zlibstatrelease\tmp\uncompr.obj
c:\prj\visiator_windows\v26\zlib\contrib\vstudio\vc14\x86\zlibstatrelease\tmp\trees.obj
c:\prj\visiator_windows\v26\zlib\contrib\vstudio\vc14\x86\zlibstatrelease\tmp\ioapi.obj
c:\prj\visiator_windows\v26\zlib\contrib\vstudio\vc14\x86\zlibstatrelease\tmp\inftrees.obj
c:\prj\visiator_windows\v26\zlib\contrib\vstudio\vc14\x86\zlibstatrelease\tmp\inflate.obj
c:\prj\visiator_windows\v26\zlib\contrib\vstudio\vc14\x86\zlibstatrelease\tmp\inffast.obj
c:\prj\visiator_windows\v26\zlib\contrib\vstudio\vc14\x86\zlibstatrelease\tmp\infback.obj
c:\prj\visiator_windows\v26\zlib\contrib\vstudio\vc14\x86\zlibstatrelease\tmp\gzwrite.obj
c:\prj\visiator_windows\v26\zlib\contrib\vstudio\vc14\x86\zlibstatrelease\tmp\gzread.obj
c:\prj\visiator_windows\v26\zlib\contrib\vstudio\vc14\x86\zlibstatrelease\tmp\gzlib.obj
c:\prj\visiator_windows\v26\zlib\contrib\vstudio\vc14\x86\zlibstatrelease\tmp\gzclose.obj
c:\prj\visiator_windows\v26\zlib\contrib\vstudio\vc14\x86\zlibstatrelease\tmp\deflate.obj
c:\prj\visiator_windows\v26\zlib\contrib\vstudio\vc14\x86\zlibstatrelease\tmp\crc32.obj
c:\prj\visiator_windows\v26\zlib\contrib\vstudio\vc14\x86\zlibstatrelease\tmp\compress.obj
c:\prj\visiator_windows\v26\zlib\contrib\vstudio\vc14\x86\zlibstatrelease\tmp\adler32.obj
c:\prj\visiator_windows\v26\zlib\contrib\vstudio\vc14\x86\zlibstatrelease\zlibstat.lib
c:\prj\visiator_windows\v26\zlib\contrib\vstudio\vc14\x86\zlibstatrelease\tmp\zlib.res
c:\prj\visiator_windows\v26\zlib\contrib\vstudio\vc14\x86\zlibstatrelease\tmp\zlibstat.tlog\cl.command.1.tlog
c:\prj\visiator_windows\v26\zlib\contrib\vstudio\vc14\x86\zlibstatrelease\tmp\zlibstat.tlog\cl.read.1.tlog
c:\prj\visiator_windows\v26\zlib\contrib\vstudio\vc14\x86\zlibstatrelease\tmp\zlibstat.tlog\cl.write.1.tlog
c:\prj\visiator_windows\v26\zlib\contrib\vstudio\vc14\x86\zlibstatrelease\tmp\zlibstat.tlog\lib-link-cvtres.read.1.tlog
c:\prj\visiator_windows\v26\zlib\contrib\vstudio\vc14\x86\zlibstatrelease\tmp\zlibstat.tlog\lib-link-cvtres.write.1.tlog
c:\prj\visiator_windows\v26\zlib\contrib\vstudio\vc14\x86\zlibstatrelease\tmp\zlibstat.tlog\lib.command.1.tlog
c:\prj\visiator_windows\v26\zlib\contrib\vstudio\vc14\x86\zlibstatrelease\tmp\zlibstat.tlog\rc.command.1.tlog
c:\prj\visiator_windows\v26\zlib\contrib\vstudio\vc14\x86\zlibstatrelease\tmp\zlibstat.tlog\rc.read.1.tlog
c:\prj\visiator_windows\v26\zlib\contrib\vstudio\vc14\x86\zlibstatrelease\tmp\zlibstat.tlog\rc.write.1.tlog
