c:\prj\v26\v26\debug\vc141.pdb
c:\prj\v26\v26\debug\vc141.idb
c:\prj\v26\v26\debug\tools.obj
c:\prj\v26\v26\debug\main.obj
c:\prj\v26\v26\debug\gui.obj
c:\prj\v26\v26\debug\application_attributes.obj
c:\prj\v26\v26\debug\desktop.obj
c:\prj\v26\v26\debug\gui_low_level.obj
c:\prj\v26\debug\v26.pdb
c:\prj\v26\v26\debug\v26.tlog\cl.command.1.tlog
c:\prj\v26\v26\debug\v26.tlog\cl.read.1.tlog
c:\prj\v26\v26\debug\v26.tlog\cl.write.1.tlog
c:\prj\v26\v26\debug\v26.tlog\link.8828-cvtres.read.1.tlog
c:\prj\v26\v26\debug\v26.tlog\link.8828-cvtres.write.1.tlog
c:\prj\v26\v26\debug\v26.tlog\link.8828-rc.read.1.tlog
c:\prj\v26\v26\debug\v26.tlog\link.8828-rc.write.1.tlog
c:\prj\v26\v26\debug\v26.tlog\link.8828.read.1.tlog
c:\prj\v26\v26\debug\v26.tlog\link.8828.write.1.tlog
c:\prj\v26\v26\debug\v26.tlog\link.command.1.tlog
c:\prj\v26\v26\debug\v26.tlog\link.read.1.tlog
c:\prj\v26\v26\debug\v26.tlog\link.write.1.tlog
